
**** Build of configuration Debug for project Darwin ****

**** Internal Builder is used for build               ****
g++ -O0 -g3 -Wall -c -fmessage-length=0 -o src\Darwin.o ..\src\Darwin.cpp
g++ -o Darwin.exe src\Rosetta.o src\Mutation.o src\Evolver.o src\Darwin.o src\Aperture.o
Build complete for project Darwin
Time consumed: 604  ms.  

**** Build of configuration Debug for project Darwin ****

**** Internal Builder is used for build               ****
g++ -O0 -g3 -Wall -c -fmessage-length=0 -o src\Darwin.o ..\src\Darwin.cpp
g++ -o Darwin.exe src\Rosetta.o src\Mutation.o src\Evolver.o src\Darwin.o src\Aperture.o
Build complete for project Darwin
Time consumed: 605  ms.  

**** Build of configuration Debug for project Darwin ****

**** Internal Builder is used for build               ****
Nothing to build for Darwin

**** Build of configuration Debug for project Darwin ****

**** Internal Builder is used for build               ****
g++ -O0 -g3 -Wall -c -fmessage-length=0 -o src\Darwin.o ..\src\Darwin.cpp
In file included from ..\src\Darwin.cpp:11:0:
..\src\/Evolver.h: In constructor ‘Evolver::Evolver()’:
..\src\/Evolver.h:32:21: fout: ‘ReadConfig’ was not declared in this scope
Build error occurred, build is stopped
Time consumed: 282  ms.  

**** Build of configuration Debug for project Darwin ****

**** Internal Builder is used for build               ****
g++ -O0 -g3 -Wall -c -fmessage-length=0 -o src\Evolver.o ..\src\Evolver.cpp
In file included from ..\src\Evolver.cpp:8:0:
..\src\/Evolver.h: In constructor ‘Evolver::Evolver()’:
..\src\/Evolver.h:32:21: fout: ‘readConfig’ was not declared in this scope
Build error occurred, build is stopped
Time consumed: 328  ms.  

**** Build of configuration Debug for project Darwin ****

**** Internal Builder is used for build               ****
g++ -O0 -g3 -Wall -c -fmessage-length=0 -o src\Darwin.o ..\src\Darwin.cpp
g++ -O0 -g3 -Wall -c -fmessage-length=0 -o src\Evolver.o ..\src\Evolver.cpp
g++ -o Darwin.exe src\Rosetta.o src\Mutation.o src\Evolver.o src\Darwin.o src\Aperture.o
src\Darwin.o: In function `main':
C:\workspaces\Darwin\Darwin\Debug/../src/Darwin.cpp:17: undefined reference to `Evolver::readConfig()'
collect2: ld gaf exit-status 1 terug
Build error occurred, build is stopped
Time consumed: 1292  ms.  

**** Build of configuration Debug for project Darwin ****

**** Internal Builder is used for build               ****
g++ -O0 -g3 -Wall -c -fmessage-length=0 -o src\Evolver.o ..\src\Evolver.cpp
g++ -O0 -g3 -Wall -c -fmessage-length=0 -o src\Darwin.o ..\src\Darwin.cpp
g++ -o Darwin.exe src\Rosetta.o src\Mutation.o src\Evolver.o src\Darwin.o src\Aperture.o
src\Darwin.o: In function `main':
C:\workspaces\Darwin\Darwin\Debug/../src/Darwin.cpp:17: undefined reference to `Evolver::readConfig()'
collect2: ld gaf exit-status 1 terug
Build error occurred, build is stopped
Time consumed: 1229  ms.  

**** Build of configuration Debug for project Darwin ****

**** Internal Builder is used for build               ****
g++ -O0 -g3 -Wall -c -fmessage-length=0 -o src\Darwin.o ..\src\Darwin.cpp
g++ -O0 -g3 -Wall -c -fmessage-length=0 -o src\Evolver.o ..\src\Evolver.cpp
g++ -o Darwin.exe src\Rosetta.o src\Mutation.o src\Evolver.o src\Darwin.o src\Aperture.o
Build complete for project Darwin
Time consumed: 1290  ms.  

**** Build of configuration Debug for project Darwin ****

**** Internal Builder is used for build               ****
g++ -O0 -g3 -Wall -c -fmessage-length=0 -o src\Evolver.o ..\src\Evolver.cpp
..\src\Evolver.cpp:10:26: fout: no ‘void Evolver::readConfig()’ member function declared in class ‘Evolver’
..\src\Evolver.cpp:11:56: fout: no ‘void Evolver::traverse_xml(const string&)’ member function declared in class ‘Evolver’
..\src\Evolver.cpp:14:26: fout: no ‘void Evolver::readConfig()’ member function declared in class ‘Evolver’
..\src\Evolver.cpp:25:56: fout: no ‘void Evolver::traverse_xml(const string&)’ member function declared in class ‘Evolver’
Build error occurred, build is stopped
Time consumed: 282  ms.  

**** Build of configuration Debug for project Darwin ****

**** Internal Builder is used for build               ****
g++ -O0 -g3 -Wall -c -fmessage-length=0 -o src\Darwin.o ..\src\Darwin.cpp
g++ -O0 -g3 -Wall -c -fmessage-length=0 -o src\Evolver.o ..\src\Evolver.cpp
g++ -o Darwin.exe src\Rosetta.o src\Mutation.o src\Evolver.o src\Darwin.o src\Aperture.o
Build complete for project Darwin
Time consumed: 1229  ms.  

**** Build of configuration Debug for project Darwin ****

**** Internal Builder is used for build               ****
g++ -O0 -g3 -Wall -c -fmessage-length=0 -o src\Evolver.o ..\src\Evolver.cpp
g++ -o Darwin.exe src\Rosetta.o src\Mutation.o src\Evolver.o src\Darwin.o src\Aperture.o
Build complete for project Darwin
Time consumed: 857  ms.  

**** Build of configuration Debug for project Darwin ****

**** Internal Builder is used for build               ****
Nothing to build for Darwin

**** Build of configuration Debug for project Darwin ****

**** Internal Builder is used for build               ****
g++ -O0 -g3 -Wall -c -fmessage-length=0 -o src\Darwin.o ..\src\Darwin.cpp
g++ -o Darwin.exe src\Rosetta.o src\Mutation.o src\Evolver.o src\Darwin.o src\Aperture.o
Build complete for project Darwin
Time consumed: 559  ms.  

**** Build of configuration Debug for project Darwin ****

**** Internal Builder is used for build               ****
g++ -O0 -g3 -Wall -c -fmessage-length=0 -o src\Evolver.o ..\src\Evolver.cpp
g++ -o Darwin.exe src\Rosetta.o src\Mutation.o src\Evolver.o src\Darwin.o src\Aperture.o
Build complete for project Darwin
Time consumed: 857  ms.  

**** Build of configuration Debug for project Darwin ****

**** Internal Builder is used for build               ****
g++ -O0 -g3 -Wall -c -fmessage-length=0 -o src\Evolver.o ..\src\Evolver.cpp
g++ -o Darwin.exe src\Rosetta.o src\Mutation.o src\Evolver.o src\Darwin.o src\Aperture.o
Build complete for project Darwin
Time consumed: 853  ms.  

**** Build of configuration Debug for project Darwin ****

**** Internal Builder is used for build               ****
Nothing to build for Darwin
